LOG: Conexão mal sucedida - SQLSTATE[HY000] [2002] No such file or directory 2024-01-09 21:02:32
LOG: Conexão mal sucedida - SQLSTATE[HY000] [2002] No such file or directory 2024-01-09 21:03:14
LOG: Conexão mal sucedida - SQLSTATE[HY000] [2002] No such file or directory 2024-01-09 21:03:48
LOG: Conectado ao Banco de Dados 2024-01-09 23:54:50
LOG: Conectado ao Banco de Dados 2024-01-09 23:55:10
LOG: Conectado ao Banco de Dados 2024-01-10 00:07:22
LOG: Data Found {"code":1,"result":[{"id":1,"local":"A","nome":"Sidney de Oliveira Junior","celular":"15998490719","email":"jrsidney@hotmail.com.br"},{"id":2,"local":"A","nome":"Joao Carlos Miranda de Santana","celular":"11973978068","email":"jcmsantana@outlook.com"}]} 2024-01-10 00:11:36
LOG: Data Found {"code":1,"result":[{"id":1,"local":"A","nome":"Sidney de Oliveira Junior","celular":"15998490719","email":"jrsidney@hotmail.com.br"},{"id":2,"local":"A","nome":"Joao Carlos Miranda de Santana","celular":"11973978068","email":"jcmsantana@outlook.com"}]} 2024-01-10 00:27:22
LOG: Data Found {"code":1,"result":[{"id":1,"local":"A","nome":"Sidney de Oliveira Junior","celular":"15998490719","email":"jrsidney@hotmail.com.br"},{"id":2,"local":"A","nome":"Joao Carlos Miranda de Santana","celular":"11973978068","email":"jcmsantana@outlook.com"}]} 2024-01-10 00:27:53
LOG: Data Found {"code":1,"result":[{"id":1,"local":"A","nome":"Sidney de Oliveira Junior","celular":"15998490719","email":"jrsidney@hotmail.com.br"},{"id":2,"local":"A","nome":"Joao Carlos Miranda de Santana","celular":"11973978068","email":"jcmsantana@outlook.com"}]} 2024-01-10 00:28:48
LOG: Data Found {"code":1,"result":[{"id":1,"local":"A","nome":"Sidney de Oliveira Junior","celular":"15998490719","email":"jrsidney@hotmail.com.br"},{"id":2,"local":"A","nome":"Joao Carlos Miranda de Santana","celular":"11973978068","email":"jcmsantana@outlook.com"}]} 2024-01-10 00:30:28
LOG: Conectado ao Banco de Dados 2024-01-10 00:31:29
LOG: Data Found {"code":1,"result":[{"id":1,"local":"A","nome":"Sidney de Oliveira Junior","celular":"15998490719","email":"jrsidney@hotmail.com.br"},{"id":2,"local":"A","nome":"Joao Carlos Miranda de Santana","celular":"11973978068","email":"jcmsantana@outlook.com"}]} 2024-01-10 00:33:31
LOG: Data Found {"code":1,"result":[{"id":1,"local":"A","nome":"Sidney de Oliveira Junior","celular":"15998490719","email":"jrsidney@hotmail.com.br"},{"id":2,"local":"A","nome":"Joao Carlos Miranda de Santana","celular":"11973978068","email":"jcmsantana@outlook.com"}]} 2024-01-10 00:37:55
LOG: Data Found {"code":1,"result":[{"id":1,"local":"A","nome":"Sidney de Oliveira Junior","celular":"15998490719","email":"jrsidney@hotmail.com.br"},{"id":2,"local":"A","nome":"Joao Carlos Miranda de Santana","celular":"11973978068","email":"jcmsantana@outlook.com"}]} 2024-01-10 00:38:19
LOG: Data Found {"code":1,"result":[{"id":1,"local":"A","nome":"Sidney de Oliveira Junior","celular":"15998490719","email":"jrsidney@hotmail.com.br"},{"id":2,"local":"A","nome":"Joao Carlos Miranda de Santana","celular":"11973978068","email":"jcmsantana@outlook.com"}]} 2024-01-10 00:39:25
LOG: Data Found {"code":1,"result":[{"id":1,"local":"A","nome":"Sidney de Oliveira Junior","celular":"15998490719","email":"jrsidney@hotmail.com.br"},{"id":2,"local":"A","nome":"Joao Carlos Miranda de Santana","celular":"11973978068","email":"jcmsantana@outlook.com"}]} 2024-01-10 00:40:52
LOG: Data Found {"code":1,"result":[{"id":1,"local":"A","nome":"Sidney de Oliveira Junior","celular":"15998490719","email":"jrsidney@hotmail.com.br"},{"id":2,"local":"A","nome":"Joao Carlos Miranda de Santana","celular":"11973978068","email":"jcmsantana@outlook.com"}]} 2024-01-10 00:41:34
LOG: Data Found {"code":1,"result":[{"id":1,"local":"A","nome":"Sidney de Oliveira Junior","celular":"15998490719","email":"jrsidney@hotmail.com.br"},{"id":2,"local":"A","nome":"Joao Carlos Miranda de Santana","celular":"11973978068","email":"jcmsantana@outlook.com"}]} 2024-01-10 00:45:06
LOG: Data Found {"code":1,"result":[{"id":1,"local":"A","nome":"Sidney de Oliveira Junior","celular":"15998490719","email":"jrsidney@hotmail.com.br"},{"id":2,"local":"A","nome":"Joao Carlos Miranda de Santana","celular":"11973978068","email":"jcmsantana@outlook.com"}]} 2024-01-10 00:46:28
LOG: Conectado ao Banco de Dados 2024-01-10 00:52:25
LOG: Conectado ao Banco de Dados 2024-01-10 00:52:47
LOG: Data Found {"code":1,"result":[{"id":1,"local":"A","nome":"Sidney de Oliveira Junior","celular":"15998490719","email":"jrsidney@hotmail.com.br"},{"id":2,"local":"A","nome":"Joao Carlos Miranda de Santana","celular":"11973978068","email":"jcmsantana@outlook.com"}]} 2024-01-10 00:52:47
LOG: Conectado ao Banco de Dados 2024-01-10 00:52:58
LOG: Data Found {"code":1,"result":[{"id":1,"local":"A","nome":"Sidney de Oliveira Junior","celular":"15998490719","email":"jrsidney@hotmail.com.br"},{"id":2,"local":"A","nome":"Joao Carlos Miranda de Santana","celular":"11973978068","email":"jcmsantana@outlook.com"}]} 2024-01-10 00:52:58
LOG: Conectado ao Banco de Dados 2024-01-10 00:53:18
LOG: Data Found {"code":1,"result":[{"id":1,"local":"A","nome":"Sidney de Oliveira Junior","celular":"15998490719","email":"jrsidney@hotmail.com.br"},{"id":2,"local":"A","nome":"Joao Carlos Miranda de Santana","celular":"11973978068","email":"jcmsantana@outlook.com"}]} 2024-01-10 00:53:18
LOG: Conectado ao Banco de Dados 2024-01-10 00:54:26
LOG: Data Found {"code":1,"result":[{"id":1,"local":"A","nome":"Sidney de Oliveira Junior","celular":"15998490719","email":"jrsidney@hotmail.com.br"},{"id":2,"local":"A","nome":"Joao Carlos Miranda de Santana","celular":"11973978068","email":"jcmsantana@outlook.com"}]} 2024-01-10 00:54:26
LOG: Conectado ao Banco de Dados 2024-01-10 00:56:49
LOG: Data Found {"code":1,"result":[{"id":1,"local":"A","nome":"Sidney de Oliveira Junior","celular":"15998490719","email":"jrsidney@hotmail.com.br"},{"id":2,"local":"A","nome":"Joao Carlos Miranda de Santana","celular":"11973978068","email":"jcmsantana@outlook.com"}]} 2024-01-10 00:56:49
LOG: Conectado ao Banco de Dados 2024-01-10 01:01:21
LOG: Data Found {"code":1,"result":[{"id":1,"local":"A","nome":"Sidney de Oliveira Junior","celular":"15998490719","email":"jrsidney@hotmail.com.br"},{"id":2,"local":"A","nome":"Joao Carlos Miranda de Santana","celular":"11973978068","email":"jcmsantana@outlook.com"}]} 2024-01-10 01:01:21
LOG: Conectado ao Banco de Dados 2024-01-10 01:06:15
LOG: Data Found {"code":1,"result":[{"id":1,"local":"A","nome":"Sidney de Oliveira Junior","celular":"15998490719","email":"jrsidney@hotmail.com.br"},{"id":2,"local":"A","nome":"Joao Carlos Miranda de Santana","celular":"11973978068","email":"jcmsantana@outlook.com"}]} 2024-01-10 01:06:15
LOG: Conectado ao Banco de Dados 2024-01-10 01:06:40
LOG: Conectado ao Banco de Dados 2024-01-10 01:07:23
LOG: Conectado ao Banco de Dados 2024-01-10 01:07:45
LOG: Data Found {"code":1,"result":[{"id":1,"local":"A","nome":"Sidney de Oliveira Junior","celular":"15998490719","email":"jrsidney@hotmail.com.br"},{"id":2,"local":"A","nome":"Joao Carlos Miranda de Santana","celular":"11973978068","email":"jcmsantana@outlook.com"}]} 2024-01-10 01:07:45
LOG: Conectado ao Banco de Dados 2024-01-10 01:07:47
LOG: Data Found {"code":1,"result":[{"id":1,"local":"A","nome":"Sidney de Oliveira Junior","celular":"15998490719","email":"jrsidney@hotmail.com.br"},{"id":2,"local":"A","nome":"Joao Carlos Miranda de Santana","celular":"11973978068","email":"jcmsantana@outlook.com"}]} 2024-01-10 01:07:47
LOG: Conectado ao Banco de Dados 2024-01-10 01:08:39
LOG: Conectado ao Banco de Dados 2024-01-10 01:09:35
LOG: Data Found {"code":1,"result":[{"id":1,"local":"A","nome":"Sidney de Oliveira Junior","celular":"15998490719","email":"jrsidney@hotmail.com.br"},{"id":2,"local":"A","nome":"Joao Carlos Miranda de Santana","celular":"11973978068","email":"jcmsantana@outlook.com"}]} 2024-01-10 01:09:35
LOG: Conectado ao Banco de Dados 2024-01-10 01:13:29
LOG: Data Found {"code":1,"result":[{"id":1,"local":"A","nome":"Sidney de Oliveira Junior","celular":"15998490719","email":"jrsidney@hotmail.com.br"},{"id":2,"local":"A","nome":"Joao Carlos Miranda de Santana","celular":"11973978068","email":"jcmsantana@outlook.com"}]} 2024-01-10 01:13:29
LOG: Conectado ao Banco de Dados 2024-01-10 01:15:28
LOG: Conectado ao Banco de Dados 2024-01-10 01:20:12
LOG: Conectado ao Banco de Dados 2024-01-10 01:20:15
LOG: Conectado ao Banco de Dados 2024-01-10 01:20:26
LOG: Conectado ao Banco de Dados 2024-01-10 01:23:02
LOG: Data Found {"code":1,"result":[{"id":1,"local":"A","nome":"Sidney de Oliveira Junior","celular":"15998490719","email":"jrsidney@hotmail.com.br"},{"id":2,"local":"A","nome":"Joao Carlos Miranda de Santana","celular":"11973978068","email":"jcmsantana@outlook.com"}]} 2024-01-10 01:23:02
LOG: Conectado ao Banco de Dados 2024-01-10 01:23:17
LOG: Conectado ao Banco de Dados 2024-01-10 01:23:57
LOG: Conectado ao Banco de Dados 2024-01-10 01:24:08
LOG: Data Found {"code":1,"result":[{"id":1,"local":"A","nome":"Sidney de Oliveira Junior","celular":"15998490719","email":"jrsidney@hotmail.com.br"},{"id":2,"local":"A","nome":"Joao Carlos Miranda de Santana","celular":"11973978068","email":"jcmsantana@outlook.com"}]} 2024-01-10 01:24:08
LOG: Conectado ao Banco de Dados 2024-01-10 01:24:59
LOG: Data Found {"code":1,"result":[{"id":1,"local":"A","nome":"Sidney de Oliveira Junior","celular":"15998490719","email":"jrsidney@hotmail.com.br"},{"id":2,"local":"A","nome":"Joao Carlos Miranda de Santana","celular":"11973978068","email":"jcmsantana@outlook.com"}]} 2024-01-10 01:24:59
LOG: Conectado ao Banco de Dados 2024-01-10 01:28:49
LOG: Data Found {"code":1,"result":[{"id":1,"local":"A","nome":"Sidney de Oliveira Junior","celular":"15998490719","email":"jrsidney@hotmail.com.br"},{"id":2,"local":"A","nome":"Joao Carlos Miranda de Santana","celular":"11973978068","email":"jcmsantana@outlook.com"}]} 2024-01-10 01:28:49
LOG: Conectado ao Banco de Dados 2024-01-10 01:30:02
LOG: Data Found {"code":1,"result":[{"id":1,"local":"A","nome":"Sidney de Oliveira Junior","celular":"15998490719","email":"jrsidney@hotmail.com.br"},{"id":2,"local":"A","nome":"Joao Carlos Miranda de Santana","celular":"11973978068","email":"jcmsantana@outlook.com"}]} 2024-01-10 01:30:02
LOG: Conectado ao Banco de Dados 2024-01-10 01:36:07
LOG: Conectado ao Banco de Dados 2024-01-10 12:00:31
LOG: Data Found {"code":1,"result":[{"id":1,"local":"A","nome":"Sidney de Oliveira Junior","celular":"15998490719","email":"jrsidney@hotmail.com.br"},{"id":2,"local":"A","nome":"Joao Carlos Miranda de Santana","celular":"11973978068","email":"jcmsantana@outlook.com"}]} 2024-01-10 12:00:31
LOG: Conectado ao Banco de Dados 2024-01-10 12:00:58
LOG: Data Found {"code":1,"result":[{"id":1,"local":"A","nome":"Sidney de Oliveira Junior","celular":"15998490719","email":"jrsidney@hotmail.com.br"},{"id":2,"local":"A","nome":"Joao Carlos Miranda de Santana","celular":"11973978068","email":"jcmsantana@outlook.com"}]} 2024-01-10 12:00:58
LOG: Conectado ao Banco de Dados 2024-01-10 12:01:49
LOG: Data Found {"code":1,"result":[{"id":1,"local":"A","nome":"Sidney de Oliveira Junior","celular":"15998490719","email":"jrsidney@hotmail.com.br"},{"id":2,"local":"A","nome":"Joao Carlos Miranda de Santana","celular":"11973978068","email":"jcmsantana@outlook.com"}]} 2024-01-10 12:01:49
LOG: Conectado ao Banco de Dados 2024-01-10 12:02:03
LOG: Conectado ao Banco de Dados 2024-01-10 12:08:05
LOG: Conectado ao Banco de Dados 2024-01-10 12:08:06
LOG: Conectado ao Banco de Dados 2024-01-10 12:08:07
LOG: Conectado ao Banco de Dados 2024-01-10 12:25:16
LOG: Data Found {"code":1,"result":[{"id":1,"local":"A","nome":"Sidney de Oliveira Junior","celular":"15998490719","email":"jrsidney@hotmail.com.br"},{"id":2,"local":"A","nome":"Joao Carlos Miranda de Santana","celular":"11973978068","email":"jcmsantana@outlook.com"}]} 2024-01-10 12:25:16
LOG: Conectado ao Banco de Dados 2024-01-10 12:25:17
LOG: Data Found {"code":1,"result":[{"id":1,"local":"A","nome":"Sidney de Oliveira Junior","celular":"15998490719","email":"jrsidney@hotmail.com.br"},{"id":2,"local":"A","nome":"Joao Carlos Miranda de Santana","celular":"11973978068","email":"jcmsantana@outlook.com"}]} 2024-01-10 12:25:17
LOG: Conectado ao Banco de Dados 2024-01-10 12:25:27
LOG: Data Found {"code":1,"result":[{"id":1,"local":"A","nome":"Sidney de Oliveira Junior","celular":"15998490719","email":"jrsidney@hotmail.com.br"},{"id":2,"local":"A","nome":"Joao Carlos Miranda de Santana","celular":"11973978068","email":"jcmsantana@outlook.com"}]} 2024-01-10 12:25:27
LOG: Conectado ao Banco de Dados 2024-01-10 12:31:30
LOG: Conectado ao Banco de Dados 2024-01-10 12:34:57
LOG: Conectado ao Banco de Dados 2024-01-10 12:34:58
LOG: Conectado ao Banco de Dados 2024-01-10 12:34:58
LOG: Conectado ao Banco de Dados 2024-01-10 12:35:30
LOG: Data Found {"code":1,"result":[{"id":1,"local":"A","nome":"Sidney de Oliveira Junior","celular":"15998490719","email":"jrsidney@hotmail.com.br"},{"id":2,"local":"A","nome":"Joao Carlos Miranda de Santana","celular":"11973978068","email":"jcmsantana@outlook.com"}]} 2024-01-10 12:35:30
LOG: Conectado ao Banco de Dados 2024-01-10 12:35:44
LOG: Conectado ao Banco de Dados 2024-01-10 12:36:05
LOG: Conectado ao Banco de Dados 2024-01-10 12:51:45
LOG: Data Found {"code":1,"result":[{"id":1,"local":"A","nome":"Sidney de Oliveira Junior","celular":"15998490719","email":"jrsidney@hotmail.com.br"},{"id":2,"local":"A","nome":"Joao Carlos Miranda de Santana","celular":"11973978068","email":"jcmsantana@outlook.com"}]} 2024-01-10 12:51:45
LOG: Conectado ao Banco de Dados 2024-01-10 12:52:09
LOG: Conectado ao Banco de Dados 2024-01-10 12:55:45
LOG: Conectado ao Banco de Dados 2024-01-10 12:55:46
LOG: Conectado ao Banco de Dados 2024-01-10 12:55:47
LOG: Conectado ao Banco de Dados 2024-01-10 12:55:48
LOG: Conectado ao Banco de Dados 2024-01-10 12:56:50
LOG: Conectado ao Banco de Dados 2024-01-10 12:59:17
LOG: Conectado ao Banco de Dados 2024-01-10 12:59:28
LOG: Conectado ao Banco de Dados 2024-01-10 13:00:41
LOG: Conectado ao Banco de Dados 2024-01-10 13:02:23
LOG: Data Found {"code":1,"result":[{"id":1,"local":"A","nome":"Sidney de Oliveira Junior","celular":"15998490719","email":"jrsidney@hotmail.com.br"},{"id":2,"local":"A","nome":"Joao Carlos Miranda de Santana","celular":"11973978068","email":"jcmsantana@outlook.com"}]} 2024-01-10 13:02:23
LOG: Conectado ao Banco de Dados 2024-01-10 13:02:24
LOG: Data Found {"code":1,"result":[{"id":1,"local":"A","nome":"Sidney de Oliveira Junior","celular":"15998490719","email":"jrsidney@hotmail.com.br"},{"id":2,"local":"A","nome":"Joao Carlos Miranda de Santana","celular":"11973978068","email":"jcmsantana@outlook.com"}]} 2024-01-10 13:02:24
LOG: Conectado ao Banco de Dados 2024-01-10 13:02:24
LOG: Data Found {"code":1,"result":[{"id":1,"local":"A","nome":"Sidney de Oliveira Junior","celular":"15998490719","email":"jrsidney@hotmail.com.br"},{"id":2,"local":"A","nome":"Joao Carlos Miranda de Santana","celular":"11973978068","email":"jcmsantana@outlook.com"}]} 2024-01-10 13:02:24
LOG: Conectado ao Banco de Dados 2024-01-10 13:02:25
LOG: Data Found {"code":1,"result":[{"id":1,"local":"A","nome":"Sidney de Oliveira Junior","celular":"15998490719","email":"jrsidney@hotmail.com.br"},{"id":2,"local":"A","nome":"Joao Carlos Miranda de Santana","celular":"11973978068","email":"jcmsantana@outlook.com"}]} 2024-01-10 13:02:25
LOG: Conectado ao Banco de Dados 2024-01-10 13:02:25
LOG: Data Found {"code":1,"result":[{"id":1,"local":"A","nome":"Sidney de Oliveira Junior","celular":"15998490719","email":"jrsidney@hotmail.com.br"},{"id":2,"local":"A","nome":"Joao Carlos Miranda de Santana","celular":"11973978068","email":"jcmsantana@outlook.com"}]} 2024-01-10 13:02:25
LOG: Conectado ao Banco de Dados 2024-01-10 13:02:25
LOG: Data Found {"code":1,"result":[{"id":1,"local":"A","nome":"Sidney de Oliveira Junior","celular":"15998490719","email":"jrsidney@hotmail.com.br"},{"id":2,"local":"A","nome":"Joao Carlos Miranda de Santana","celular":"11973978068","email":"jcmsantana@outlook.com"}]} 2024-01-10 13:02:25
LOG: Conectado ao Banco de Dados 2024-01-10 13:02:25
LOG: Data Found {"code":1,"result":[{"id":1,"local":"A","nome":"Sidney de Oliveira Junior","celular":"15998490719","email":"jrsidney@hotmail.com.br"},{"id":2,"local":"A","nome":"Joao Carlos Miranda de Santana","celular":"11973978068","email":"jcmsantana@outlook.com"}]} 2024-01-10 13:02:25
LOG: Conectado ao Banco de Dados 2024-01-10 13:02:26
LOG: Data Found {"code":1,"result":[{"id":1,"local":"A","nome":"Sidney de Oliveira Junior","celular":"15998490719","email":"jrsidney@hotmail.com.br"},{"id":2,"local":"A","nome":"Joao Carlos Miranda de Santana","celular":"11973978068","email":"jcmsantana@outlook.com"}]} 2024-01-10 13:02:26
LOG: Conectado ao Banco de Dados 2024-01-10 13:02:30
LOG: Conectado ao Banco de Dados 2024-01-10 13:05:49
LOG: Data Found {"code":1,"result":[{"id":1,"local":"A","nome":"Sidney de Oliveira Junior","celular":"15998490719","email":"jrsidney@hotmail.com.br"},{"id":2,"local":"A","nome":"Joao Carlos Miranda de Santana","celular":"11973978068","email":"jcmsantana@outlook.com"}]} 2024-01-10 13:05:49
LOG: Conectado ao Banco de Dados 2024-01-10 13:05:59
LOG: Data Found {"code":1,"result":[{"id":1,"local":"A","nome":"Sidney de Oliveira Junior","celular":"15998490719","email":"jrsidney@hotmail.com.br"},{"id":2,"local":"A","nome":"Joao Carlos Miranda de Santana","celular":"11973978068","email":"jcmsantana@outlook.com"}]} 2024-01-10 13:05:59
LOG: Conectado ao Banco de Dados 2024-01-10 13:08:00
LOG: Data Found {"code":1,"result":[{"id":1,"local":"A","nome":"Sidney de Oliveira Junior","celular":"15998490719","email":"jrsidney@hotmail.com.br"},{"id":2,"local":"A","nome":"Joao Carlos Miranda de Santana","celular":"11973978068","email":"jcmsantana@outlook.com"}]} 2024-01-10 13:08:00
LOG: Conectado ao Banco de Dados 2024-01-10 13:10:17
LOG: Data Found {"code":1,"result":[{"id":1,"local":"A","nome":"Sidney de Oliveira Junior","celular":"15998490719","email":"jrsidney@hotmail.com.br"},{"id":2,"local":"A","nome":"Joao Carlos Miranda de Santana","celular":"11973978068","email":"jcmsantana@outlook.com"}]} 2024-01-10 13:10:17
LOG: Conectado ao Banco de Dados 2024-01-10 13:12:22
LOG: Data Found {"code":1,"result":[{"id":1,"local":"A","nome":"Sidney de Oliveira Junior","celular":"15998490719","email":"jrsidney@hotmail.com.br"},{"id":2,"local":"A","nome":"Joao Carlos Miranda de Santana","celular":"11973978068","email":"jcmsantana@outlook.com"}]} 2024-01-10 13:12:22
LOG: Conectado ao Banco de Dados 2024-01-10 13:12:26
LOG: Data Found {"code":1,"result":[{"id":1,"local":"A","nome":"Sidney de Oliveira Junior","celular":"15998490719","email":"jrsidney@hotmail.com.br"},{"id":2,"local":"A","nome":"Joao Carlos Miranda de Santana","celular":"11973978068","email":"jcmsantana@outlook.com"}]} 2024-01-10 13:12:26
LOG: Conectado ao Banco de Dados 2024-01-10 13:12:35
LOG: Data Found {"code":1,"result":[{"id":1,"local":"A","nome":"Sidney de Oliveira Junior","celular":"15998490719","email":"jrsidney@hotmail.com.br"},{"id":2,"local":"A","nome":"Joao Carlos Miranda de Santana","celular":"11973978068","email":"jcmsantana@outlook.com"}]} 2024-01-10 13:12:35
LOG: Conectado ao Banco de Dados 2024-01-10 13:12:45
LOG: Conectado ao Banco de Dados 2024-01-10 13:12:46
LOG: Conectado ao Banco de Dados 2024-01-10 13:12:47
LOG: Conectado ao Banco de Dados 2024-01-10 13:12:47
LOG: Conectado ao Banco de Dados 2024-01-10 13:12:47
LOG: Conectado ao Banco de Dados 2024-01-10 13:12:48
LOG: Conectado ao Banco de Dados 2024-01-10 13:12:48
LOG: Conectado ao Banco de Dados 2024-01-10 13:12:48
LOG: Conectado ao Banco de Dados 2024-01-10 13:12:48
LOG: Conectado ao Banco de Dados 2024-01-10 13:12:48
LOG: Conectado ao Banco de Dados 2024-01-10 13:12:49
LOG: Conectado ao Banco de Dados 2024-01-10 13:12:49
LOG: Conectado ao Banco de Dados 2024-01-10 13:12:49
LOG: Conectado ao Banco de Dados 2024-01-10 13:12:49
LOG: Conectado ao Banco de Dados 2024-01-10 13:12:49
LOG: Conectado ao Banco de Dados 2024-01-10 13:12:50
LOG: Conectado ao Banco de Dados 2024-01-10 13:12:56
LOG: Data Found {"code":1,"result":[{"id":1,"local":"A","nome":"Sidney de Oliveira Junior","celular":"15998490719","email":"jrsidney@hotmail.com.br"},{"id":2,"local":"A","nome":"Joao Carlos Miranda de Santana","celular":"11973978068","email":"jcmsantana@outlook.com"}]} 2024-01-10 13:12:56
LOG: Conectado ao Banco de Dados 2024-01-10 13:13:45
LOG: Data Found {"code":1,"result":[{"id":1,"local":"A","nome":"Sidney de Oliveira Junior","celular":"15998490719","email":"jrsidney@hotmail.com.br"},{"id":2,"local":"A","nome":"Joao Carlos Miranda de Santana","celular":"11973978068","email":"jcmsantana@outlook.com"}]} 2024-01-10 13:13:45
LOG: Conectado ao Banco de Dados 2024-01-10 13:14:23
LOG: Conectado ao Banco de Dados 2024-01-10 13:16:26
LOG: Conectado ao Banco de Dados 2024-01-10 13:16:27
LOG: Conectado ao Banco de Dados 2024-01-10 13:16:28
LOG: Conectado ao Banco de Dados 2024-01-10 13:16:28
LOG: Conectado ao Banco de Dados 2024-01-10 13:16:28
LOG: Conectado ao Banco de Dados 2024-01-10 13:16:29
LOG: Conectado ao Banco de Dados 2024-01-10 13:16:29
LOG: Conectado ao Banco de Dados 2024-01-10 13:16:30
LOG: Conectado ao Banco de Dados 2024-01-10 13:16:30
LOG: Conectado ao Banco de Dados 2024-01-10 13:16:30
LOG: Conectado ao Banco de Dados 2024-01-10 13:16:31
LOG: Conectado ao Banco de Dados 2024-01-10 13:16:31
LOG: Conectado ao Banco de Dados 2024-01-10 13:16:32
LOG: Conectado ao Banco de Dados 2024-01-10 13:16:32
LOG: Conectado ao Banco de Dados 2024-01-10 13:16:35
LOG: Data Found {"code":1,"result":[{"id":1,"local":"A","nome":"Sidney de Oliveira Junior","celular":"15998490719","email":"jrsidney@hotmail.com.br"},{"id":2,"local":"A","nome":"Joao Carlos Miranda de Santana","celular":"11973978068","email":"jcmsantana@outlook.com"}]} 2024-01-10 13:16:35
LOG: Conectado ao Banco de Dados 2024-01-10 13:16:36
LOG: Data Found {"code":1,"result":[{"id":1,"local":"A","nome":"Sidney de Oliveira Junior","celular":"15998490719","email":"jrsidney@hotmail.com.br"},{"id":2,"local":"A","nome":"Joao Carlos Miranda de Santana","celular":"11973978068","email":"jcmsantana@outlook.com"}]} 2024-01-10 13:16:36
LOG: Conectado ao Banco de Dados 2024-01-10 13:16:37
LOG: Data Found {"code":1,"result":[{"id":1,"local":"A","nome":"Sidney de Oliveira Junior","celular":"15998490719","email":"jrsidney@hotmail.com.br"},{"id":2,"local":"A","nome":"Joao Carlos Miranda de Santana","celular":"11973978068","email":"jcmsantana@outlook.com"}]} 2024-01-10 13:16:37
LOG: Conectado ao Banco de Dados 2024-01-10 13:18:20
LOG: Conectado ao Banco de Dados 2024-01-10 13:18:42
LOG: Conectado ao Banco de Dados 2024-01-10 13:18:58
LOG: Conectado ao Banco de Dados 2024-01-10 13:20:41
LOG: Conectado ao Banco de Dados 2024-01-10 13:21:55
LOG: Conectado ao Banco de Dados 2024-01-10 13:22:11
LOG: Conectado ao Banco de Dados 2024-01-10 13:22:22
LOG: Conectado ao Banco de Dados 2024-01-10 13:24:59
LOG: Conectado ao Banco de Dados 2024-01-10 13:26:18
LOG: Conectado ao Banco de Dados 2024-01-10 13:29:18
LOG: Conectado ao Banco de Dados 2024-01-10 13:29:48
LOG: Conectado ao Banco de Dados 2024-01-10 13:30:59
LOG: Conectado ao Banco de Dados 2024-01-10 13:31:14
LOG: Conectado ao Banco de Dados 2024-01-10 13:31:30
LOG: Data Found {"code":1,"result":[{"id":1,"local":"A","nome":"Sidney de Oliveira Junior","celular":"15998490719","email":"jrsidney@hotmail.com.br"},{"id":2,"local":"A","nome":"Joao Carlos Miranda de Santana","celular":"11973978068","email":"jcmsantana@outlook.com"}]} 2024-01-10 13:31:30
LOG: Conectado ao Banco de Dados 2024-01-10 13:35:09
LOG: Data Found {"code":1,"result":[{"id":1,"local":"A","nome":"Sidney de Oliveira Junior","celular":"15998490719","email":"jrsidney@hotmail.com.br"},{"id":2,"local":"A","nome":"Joao Carlos Miranda de Santana","celular":"11973978068","email":"jcmsantana@outlook.com"}]} 2024-01-10 13:35:09
LOG: Conectado ao Banco de Dados 2024-01-10 13:35:17
LOG: Conectado ao Banco de Dados 2024-01-10 13:35:18
LOG: Conectado ao Banco de Dados 2024-01-10 13:35:18
LOG: Conectado ao Banco de Dados 2024-01-10 13:35:19
LOG: Conectado ao Banco de Dados 2024-01-10 13:35:36
LOG: Conectado ao Banco de Dados 2024-01-10 15:38:05
LOG: Data Found {"code":1,"result":[{"id":1,"local":"A","nome":"Sidney de Oliveira Junior","celular":"15998490719","email":"jrsidney@hotmail.com.br"},{"id":2,"local":"A","nome":"Joao Carlos Miranda de Santana","celular":"11973978068","email":"jcmsantana@outlook.com"}]} 2024-01-10 15:38:05
LOG: Conectado ao Banco de Dados 2024-01-10 15:38:06
LOG: Data Found {"code":1,"result":[{"id":1,"local":"A","nome":"Sidney de Oliveira Junior","celular":"15998490719","email":"jrsidney@hotmail.com.br"},{"id":2,"local":"A","nome":"Joao Carlos Miranda de Santana","celular":"11973978068","email":"jcmsantana@outlook.com"}]} 2024-01-10 15:38:06
LOG: Conectado ao Banco de Dados 2024-01-10 15:38:16
LOG: Data Found {"code":1,"result":[{"id":1,"local":"A","nome":"Sidney de Oliveira Junior","celular":"15998490719","email":"jrsidney@hotmail.com.br"},{"id":2,"local":"A","nome":"Joao Carlos Miranda de Santana","celular":"11973978068","email":"jcmsantana@outlook.com"}]} 2024-01-10 15:38:16
LOG: Conectado ao Banco de Dados 2024-01-10 15:38:43
LOG: Data Found {"code":1,"result":[{"id":1,"local":"A","nome":"Sidney de Oliveira Junior","celular":"15998490719","email":"jrsidney@hotmail.com.br"},{"id":2,"local":"A","nome":"Joao Carlos Miranda de Santana","celular":"11973978068","email":"jcmsantana@outlook.com"}]} 2024-01-10 15:38:43
LOG: Conectado ao Banco de Dados 2024-01-10 15:45:46
LOG: Conectado ao Banco de Dados 2024-01-10 15:48:42
LOG: Conectado ao Banco de Dados 2024-01-10 15:48:58
LOG: Data Found {"code":1,"result":[{"id":1,"local":"A","nome":"Sidney de Oliveira Junior","celular":"15998490719","email":"jrsidney@hotmail.com.br"},{"id":2,"local":"A","nome":"Joao Carlos Miranda de Santana","celular":"11973978068","email":"jcmsantana@outlook.com"}]} 2024-01-10 15:48:58
LOG: Conectado ao Banco de Dados 2024-01-10 15:55:18
LOG: Conectado ao Banco de Dados 2024-01-10 15:56:19
LOG: Conectado ao Banco de Dados 2024-01-10 15:56:22
LOG: Conectado ao Banco de Dados 2024-01-10 15:56:53
LOG: Data Found {"code":1,"result":[{"id":1,"local":"A","nome":"Sidney de Oliveira Junior","celular":"15998490719","email":"jrsidney@hotmail.com.br"},{"id":2,"local":"A","nome":"Joao Carlos Miranda de Santana","celular":"11973978068","email":"jcmsantana@outlook.com"}]} 2024-01-10 15:56:53
LOG: Conectado ao Banco de Dados 2024-01-10 15:58:07
LOG: Conectado ao Banco de Dados 2024-01-10 15:59:37
LOG: Conectado ao Banco de Dados 2024-01-10 16:00:20
LOG: Conectado ao Banco de Dados 2024-01-10 16:00:21
LOG: Conectado ao Banco de Dados 2024-01-10 16:01:08
LOG: Conectado ao Banco de Dados 2024-01-10 16:01:48
LOG: Conectado ao Banco de Dados 2024-01-10 16:01:55
LOG: Conectado ao Banco de Dados 2024-01-10 16:02:16
LOG: Conectado ao Banco de Dados 2024-01-10 16:02:19
LOG: Conectado ao Banco de Dados 2024-01-10 16:02:40
LOG: Conectado ao Banco de Dados 2024-01-10 16:03:37
LOG: Conectado ao Banco de Dados 2024-01-10 16:05:01
LOG: Conectado ao Banco de Dados 2024-01-10 16:05:27
LOG: Data Found {"code":1,"result":[{"id":1,"local":"A","nome":"Sidney de Oliveira Junior","celular":"15998490719","email":"jrsidney@hotmail.com.br"},{"id":2,"local":"A","nome":"Joao Carlos Miranda de Santana","celular":"11973978068","email":"jcmsantana@outlook.com"}]} 2024-01-10 16:05:27
LOG: Conectado ao Banco de Dados 2024-01-10 16:06:07
LOG: Conectado ao Banco de Dados 2024-01-10 16:08:32
LOG: Conectado ao Banco de Dados 2024-01-10 16:08:56
LOG: Conectado ao Banco de Dados 2024-01-10 16:09:28
LOG: Conectado ao Banco de Dados 2024-01-10 16:10:20
LOG: Conectado ao Banco de Dados 2024-01-10 16:14:43
LOG: Conectado ao Banco de Dados 2024-01-10 16:15:45
LOG: Conectado ao Banco de Dados 2024-01-10 16:16:04
LOG: Conectado ao Banco de Dados 2024-01-10 16:16:11
LOG: Conectado ao Banco de Dados 2024-01-10 16:22:36
LOG: Conectado ao Banco de Dados 2024-01-10 16:23:09
LOG: Data Found {"code":1,"result":[{"id":1,"local":"A","nome":"Sidney de Oliveira Junior","celular":"15998490719","email":"jrsidney@hotmail.com.br"},{"id":2,"local":"A","nome":"Joao Carlos Miranda de Santana","celular":"11973978068","email":"jcmsantana@outlook.com"}]} 2024-01-10 16:23:09
LOG: Conectado ao Banco de Dados 2024-01-10 16:23:30
LOG: Conectado ao Banco de Dados 2024-01-10 16:23:32
LOG: Conectado ao Banco de Dados 2024-01-10 16:23:34
LOG: Conectado ao Banco de Dados 2024-01-10 16:23:35
LOG: Conectado ao Banco de Dados 2024-01-10 16:23:36
LOG: Conectado ao Banco de Dados 2024-01-10 16:23:38
LOG: Conectado ao Banco de Dados 2024-01-10 16:23:40
LOG: Conectado ao Banco de Dados 2024-01-10 16:23:48
LOG: Conectado ao Banco de Dados 2024-01-10 16:29:02
LOG: Conectado ao Banco de Dados 2024-01-10 16:29:14
LOG: Conectado ao Banco de Dados 2024-01-10 16:29:36
LOG: Conectado ao Banco de Dados 2024-01-10 16:29:50
LOG: Conectado ao Banco de Dados 2024-01-10 16:29:51
LOG: Conectado ao Banco de Dados 2024-01-10 16:29:52
LOG: Conectado ao Banco de Dados 2024-01-10 16:29:52
LOG: Conectado ao Banco de Dados 2024-01-10 16:29:52
LOG: Conectado ao Banco de Dados 2024-01-10 16:29:53
LOG: Conectado ao Banco de Dados 2024-01-10 16:29:53
LOG: Conectado ao Banco de Dados 2024-01-10 16:29:53
LOG: Conectado ao Banco de Dados 2024-01-10 16:29:53
LOG: Conectado ao Banco de Dados 2024-01-10 16:29:53
LOG: Conectado ao Banco de Dados 2024-01-10 16:32:53
LOG: Conectado ao Banco de Dados 2024-01-10 16:34:04
LOG: Conectado ao Banco de Dados 2024-01-10 16:34:14
LOG: Conectado ao Banco de Dados 2024-01-10 16:36:10
LOG: Conectado ao Banco de Dados 2024-01-10 16:36:32
LOG: Conectado ao Banco de Dados 2024-01-10 16:37:25
LOG: Conectado ao Banco de Dados 2024-01-10 16:37:51
LOG: Conectado ao Banco de Dados 2024-01-10 16:37:56
LOG: Conectado ao Banco de Dados 2024-01-10 16:38:13
LOG: Conectado ao Banco de Dados 2024-01-10 16:38:42
LOG: Conectado ao Banco de Dados 2024-01-10 16:38:50
LOG: Conectado ao Banco de Dados 2024-01-10 16:39:00
LOG: Conectado ao Banco de Dados 2024-01-10 16:39:02
LOG: Conectado ao Banco de Dados 2024-01-10 16:59:18
LOG: Conectado ao Banco de Dados 2024-01-10 17:23:47
LOG: Conectado ao Banco de Dados 2024-01-10 17:31:25
LOG: Conectado ao Banco de Dados 2024-01-10 17:31:59
LOG: Conectado ao Banco de Dados 2024-01-10 17:38:29
LOG: Conectado ao Banco de Dados 2024-01-10 17:40:57
LOG: Conectado ao Banco de Dados 2024-01-10 17:43:16
LOG: Data Found {"code":1,"result":[{"id":1,"local":"A","nome":"Sidney de Oliveira Junior","celular":"15998490719","email":"jrsidney@hotmail.com.br"},{"id":2,"local":"A","nome":"Joao Carlos Miranda de Santana","celular":"11973978068","email":"jcmsantana@outlook.com"}]} 2024-01-10 17:43:16
LOG: Conectado ao Banco de Dados 2024-01-10 17:43:55
LOG: Data Found {"code":1,"result":[{"id":1,"local":"A","nome":"Sidney de Oliveira Junior","celular":"15998490719","email":"jrsidney@hotmail.com.br"},{"id":2,"local":"A","nome":"Joao Carlos Miranda de Santana","celular":"11973978068","email":"jcmsantana@outlook.com"}]} 2024-01-10 17:43:55
LOG: Conectado ao Banco de Dados 2024-01-10 17:45:00
LOG: Data Found {"code":1,"result":[{"id":1,"local":"A","nome":"Sidney de Oliveira Junior","celular":"15998490719","email":"jrsidney@hotmail.com.br"},{"id":2,"local":"A","nome":"Joao Carlos Miranda de Santana","celular":"11973978068","email":"jcmsantana@outlook.com"}]} 2024-01-10 17:45:00
LOG: Conectado ao Banco de Dados 2024-01-10 17:46:08
LOG: Conectado ao Banco de Dados 2024-01-10 17:46:20
LOG: Conectado ao Banco de Dados 2024-01-10 17:47:27
LOG: Conectado ao Banco de Dados 2024-01-10 17:48:12
LOG: Conectado ao Banco de Dados 2024-01-10 17:48:47
LOG: Conectado ao Banco de Dados 2024-01-10 17:48:52
LOG: Data Found {"code":1,"result":[{"id":1,"local":"A","nome":"Sidney de Oliveira Junior","celular":"15998490719","email":"jrsidney@hotmail.com.br"},{"id":2,"local":"A","nome":"Joao Carlos Miranda de Santana","celular":"11973978068","email":"jcmsantana@outlook.com"}]} 2024-01-10 17:48:52
LOG: Conectado ao Banco de Dados 2024-01-10 17:48:58
LOG: Conectado ao Banco de Dados 2024-01-10 17:49:54
LOG: Data Found {"code":1,"result":[{"id":1,"local":"A","nome":"Sidney de Oliveira Junior","celular":"15998490719","email":"jrsidney@hotmail.com.br"},{"id":2,"local":"A","nome":"Joao Carlos Miranda de Santana","celular":"11973978068","email":"jcmsantana@outlook.com"}]} 2024-01-10 17:49:54
LOG: Conectado ao Banco de Dados 2024-01-10 17:50:31
LOG: Conectado ao Banco de Dados 2024-01-10 17:50:32
LOG: Conectado ao Banco de Dados 2024-01-10 17:55:03
LOG: Conectado ao Banco de Dados 2024-01-10 18:03:25
LOG: Data Not Found - Nada a Exibir {"code":0,"message":"Data Not Found"} 2024-01-10 18:03:25
LOG: Conectado ao Banco de Dados 2024-01-10 18:05:41
LOG: Leituras do mes - Nada a Exibir {"code":0,"message":"Data Not Found"} 2024-01-10 18:05:41
LOG: Conectado ao Banco de Dados 2024-01-10 18:05:58
LOG: Leituras do mes - Nada a Exibir {"code":0,"message":"Data Not Found"} 2024-01-10 18:05:58
LOG: Conectado ao Banco de Dados 2024-01-10 18:06:17
LOG: Leituras do mes - Nada a Exibir {"code":0,"message":"Data Not Found"} 2024-01-10 18:06:17
LOG: Conectado ao Banco de Dados 2024-01-10 18:08:07
LOG: Leituras do mes - Nada a Exibir {"code":0,"message":"Data Not Found"} 2024-01-10 18:08:07
LOG: Conectado ao Banco de Dados 2024-01-10 18:08:54
LOG: Conectado ao Banco de Dados 2024-01-10 18:08:55
LOG: Conectado ao Banco de Dados 2024-01-10 18:08:55
LOG: Conectado ao Banco de Dados 2024-01-10 18:09:07
LOG: Conectado ao Banco de Dados 2024-01-10 18:09:13
LOG: Conectado ao Banco de Dados 2024-01-10 18:09:33
LOG: Conectado ao Banco de Dados 2024-01-10 18:09:34
LOG: Conectado ao Banco de Dados 2024-01-10 18:09:34
LOG: Conectado ao Banco de Dados 2024-01-10 18:09:34
LOG: Conectado ao Banco de Dados 2024-01-10 18:09:34
LOG: Conectado ao Banco de Dados 2024-01-10 18:10:02
LOG: Conectado ao Banco de Dados 2024-01-10 18:11:45
LOG: Conectado ao Banco de Dados 2024-01-10 18:12:56
LOG: Conectado ao Banco de Dados 2024-01-10 18:13:14
LOG: Conectado ao Banco de Dados 2024-01-10 18:21:14
LOG: Conectado ao Banco de Dados 2024-01-10 18:21:27
LOG: Conectado ao Banco de Dados 2024-01-10 18:22:57
LOG: Conectado ao Banco de Dados 2024-01-10 18:23:06
LOG: Conectado ao Banco de Dados 2024-01-10 18:23:41
LOG: Conectado ao Banco de Dados 2024-01-10 18:23:49
LOG: Conectado ao Banco de Dados 2024-01-10 18:24:07
LOG: Conectado ao Banco de Dados 2024-01-10 18:24:48
LOG: Conectado ao Banco de Dados 2024-01-10 18:25:03
LOG: Conectado ao Banco de Dados 2024-01-10 18:27:07
LOG: Conectado ao Banco de Dados 2024-01-10 18:27:14
LOG: Conectado ao Banco de Dados 2024-01-10 18:27:31
LOG: Conectado ao Banco de Dados 2024-01-10 18:27:40
LOG: Conectado ao Banco de Dados 2024-01-10 18:29:09
LOG: Conectado ao Banco de Dados 2024-01-10 18:30:15
LOG: Conectado ao Banco de Dados 2024-01-10 18:30:45
LOG: Conectado ao Banco de Dados 2024-01-10 18:31:07
LOG: Conectado ao Banco de Dados 2024-01-10 18:31:13
LOG: Conectado ao Banco de Dados 2024-01-10 18:31:29
LOG: Conectado ao Banco de Dados 2024-01-10 19:09:35
LOG: Conectado ao Banco de Dados 2024-01-10 19:10:47
LOG: Conectado ao Banco de Dados 2024-01-10 19:27:32
LOG: Conectado ao Banco de Dados 2024-01-10 19:27:34
LOG: Conectado ao Banco de Dados 2024-01-10 19:27:35
LOG: Conectado ao Banco de Dados 2024-01-10 19:27:35
LOG: Conectado ao Banco de Dados 2024-01-10 19:27:36
LOG: Conectado ao Banco de Dados 2024-01-10 19:27:37
LOG: Conectado ao Banco de Dados 2024-01-10 19:27:38
LOG: Conectado ao Banco de Dados 2024-01-10 19:27:39
LOG: Conectado ao Banco de Dados 2024-01-10 19:30:51
LOG: Conectado ao Banco de Dados 2024-01-10 19:31:05
LOG: Conectado ao Banco de Dados 2024-01-10 19:31:06
LOG: Conectado ao Banco de Dados 2024-01-10 19:31:08
LOG: Conectado ao Banco de Dados 2024-01-10 19:31:40
LOG: Conectado ao Banco de Dados 2024-01-10 19:31:41
LOG: Conectado ao Banco de Dados 2024-01-10 19:32:39
LOG: Conectado ao Banco de Dados 2024-01-10 19:32:40
LOG: Conectado ao Banco de Dados 2024-01-10 19:32:41
LOG: Conectado ao Banco de Dados 2024-01-10 19:32:42
LOG: Conectado ao Banco de Dados 2024-01-11 11:35:29
LOG: Conectado ao Banco de Dados 2024-01-11 11:38:49
LOG: Conectado ao Banco de Dados 2024-01-11 11:40:38
LOG: Conectado ao Banco de Dados 2024-01-11 11:47:35
LOG: Data Found {"code":1,"result":[{"id":1,"local":"A","nome":"Sidney de Oliveira Junior","celular":"15998490719","email":"jrsidney@hotmail.com.br"},{"id":2,"local":"A","nome":"Joao Carlos Miranda de Santana","celular":"11973978068","email":"jcmsantana@outlook.com"}]} 2024-01-11 11:47:35
LOG: Conectado ao Banco de Dados 2024-01-11 11:53:06
LOG: Conectado ao Banco de Dados 2024-01-11 11:57:07
LOG: Conectado ao Banco de Dados 2024-01-11 11:57:14
LOG: Conectado ao Banco de Dados 2024-01-11 11:57:47
LOG: Conectado ao Banco de Dados 2024-01-11 11:58:35
LOG: Conectado ao Banco de Dados 2024-01-11 11:59:13
LOG: Conectado ao Banco de Dados 2024-01-11 12:01:45
LOG: Conectado ao Banco de Dados 2024-01-11 12:01:49
LOG: Conectado ao Banco de Dados 2024-01-11 12:01:50
LOG: Conectado ao Banco de Dados 2024-01-11 12:01:51
LOG: Conectado ao Banco de Dados 2024-01-11 12:05:16
LOG: Conectado ao Banco de Dados 2024-01-11 12:07:29
LOG: Conectado ao Banco de Dados 2024-01-11 12:07:32
LOG: Conectado ao Banco de Dados 2024-01-11 12:07:33
LOG: Conectado ao Banco de Dados 2024-01-11 12:07:34
LOG: Conectado ao Banco de Dados 2024-01-11 12:07:35
LOG: Conectado ao Banco de Dados 2024-01-11 12:08:13
LOG: Conectado ao Banco de Dados 2024-01-11 12:10:34
LOG: Conectado ao Banco de Dados 2024-01-11 12:10:35
LOG: Conectado ao Banco de Dados 2024-01-11 12:10:37
LOG: Conectado ao Banco de Dados 2024-01-11 12:10:38
LOG: Conectado ao Banco de Dados 2024-01-11 12:10:39
LOG: Conectado ao Banco de Dados 2024-01-11 12:11:18
LOG: Conectado ao Banco de Dados 2024-01-11 12:11:20
LOG: Conectado ao Banco de Dados 2024-01-11 12:11:35
LOG: Conectado ao Banco de Dados 2024-01-11 12:11:46
LOG: Conectado ao Banco de Dados 2024-01-11 12:11:47
LOG: Conectado ao Banco de Dados 2024-01-11 12:14:22
LOG: Conectado ao Banco de Dados 2024-01-11 12:14:40
LOG: Conectado ao Banco de Dados 2024-01-11 12:17:02
LOG: Conectado ao Banco de Dados 2024-01-11 12:17:42
LOG: Conectado ao Banco de Dados 2024-01-11 12:18:13
LOG: Conectado ao Banco de Dados 2024-01-11 12:18:47
LOG: Conectado ao Banco de Dados 2024-01-11 12:19:44
LOG: Conectado ao Banco de Dados 2024-01-11 12:20:10
LOG: Conectado ao Banco de Dados 2024-01-11 12:20:11
LOG: Conectado ao Banco de Dados 2024-01-11 12:22:28
LOG: Conectado ao Banco de Dados 2024-01-11 12:26:28
LOG: Conectado ao Banco de Dados 2024-01-11 12:26:32
LOG: Conectado ao Banco de Dados 2024-01-11 12:26:33
LOG: Conectado ao Banco de Dados 2024-01-11 12:26:34
LOG: Conectado ao Banco de Dados 2024-01-11 12:26:41
LOG: Conectado ao Banco de Dados 2024-01-11 12:26:41
LOG: Conectado ao Banco de Dados 2024-01-11 12:26:42
LOG: Conectado ao Banco de Dados 2024-01-11 12:26:43
LOG: Conectado ao Banco de Dados 2024-01-11 12:26:44
LOG: Conectado ao Banco de Dados 2024-01-11 12:26:45
LOG: Conectado ao Banco de Dados 2024-01-11 12:26:47
LOG: Conectado ao Banco de Dados 2024-01-11 12:26:48
LOG: Conectado ao Banco de Dados 2024-01-11 12:26:49
LOG: Conectado ao Banco de Dados 2024-01-11 12:27:05
LOG: Conectado ao Banco de Dados 2024-01-11 12:27:06
LOG: Conectado ao Banco de Dados 2024-01-11 12:27:06
LOG: Conectado ao Banco de Dados 2024-01-11 12:27:18
LOG: Conectado ao Banco de Dados 2024-01-11 12:27:51
LOG: Conectado ao Banco de Dados 2024-01-11 12:28:07
LOG: Conectado ao Banco de Dados 2024-01-11 12:28:16
LOG: Conectado ao Banco de Dados 2024-01-11 12:28:17
LOG: Conectado ao Banco de Dados 2024-01-11 12:28:17
LOG: Conectado ao Banco de Dados 2024-01-11 12:28:19
LOG: Conectado ao Banco de Dados 2024-01-11 12:28:22
LOG: Conectado ao Banco de Dados 2024-01-11 12:28:23
LOG: Conectado ao Banco de Dados 2024-01-11 12:28:24
LOG: Conectado ao Banco de Dados 2024-01-11 12:28:25
LOG: Conectado ao Banco de Dados 2024-01-11 12:28:26
LOG: Conectado ao Banco de Dados 2024-01-11 12:28:27
LOG: Conectado ao Banco de Dados 2024-01-11 12:28:27
LOG: Conectado ao Banco de Dados 2024-01-11 12:28:29
LOG: Conectado ao Banco de Dados 2024-01-11 12:29:31
LOG: Conectado ao Banco de Dados 2024-01-11 12:29:38
LOG: Conectado ao Banco de Dados 2024-01-11 12:29:39
LOG: Conectado ao Banco de Dados 2024-01-11 12:29:39
LOG: Conectado ao Banco de Dados 2024-01-11 12:29:40
LOG: Conectado ao Banco de Dados 2024-01-11 12:29:41
LOG: Conectado ao Banco de Dados 2024-01-11 12:29:42
LOG: Conectado ao Banco de Dados 2024-01-11 12:29:43
LOG: Conectado ao Banco de Dados 2024-01-11 12:29:43
LOG: Conectado ao Banco de Dados 2024-01-11 12:29:44
LOG: Conectado ao Banco de Dados 2024-01-11 12:29:45
LOG: Conectado ao Banco de Dados 2024-01-11 12:30:08
LOG: Conectado ao Banco de Dados 2024-01-11 12:30:16
LOG: Conectado ao Banco de Dados 2024-01-11 12:30:27
LOG: Conectado ao Banco de Dados 2024-01-11 12:31:06
LOG: Conectado ao Banco de Dados 2024-01-11 12:31:06
LOG: Conectado ao Banco de Dados 2024-01-11 12:31:07
LOG: Conectado ao Banco de Dados 2024-01-11 12:33:12
LOG: Conectado ao Banco de Dados 2024-01-11 12:36:57
LOG: Conectado ao Banco de Dados 2024-01-11 12:40:54
LOG: Conectado ao Banco de Dados 2024-01-11 12:42:03
LOG: Conectado ao Banco de Dados 2024-01-11 12:43:32
LOG: Conectado ao Banco de Dados 2024-01-11 12:52:59
LOG: Conectado ao Banco de Dados 2024-01-11 12:54:04
LOG: Conectado ao Banco de Dados 2024-01-11 13:04:55
LOG: Conectado ao Banco de Dados 2024-01-11 13:04:56
LOG: Conectado ao Banco de Dados 2024-01-11 13:04:57
LOG: Conectado ao Banco de Dados 2024-01-11 13:04:57
LOG: Conectado ao Banco de Dados 2024-01-11 13:04:58
LOG: Conectado ao Banco de Dados 2024-01-11 13:04:58
LOG: Conectado ao Banco de Dados 2024-01-11 13:04:58
LOG: Conectado ao Banco de Dados 2024-01-11 13:04:59
LOG: Conectado ao Banco de Dados 2024-01-11 13:04:59
LOG: Conectado ao Banco de Dados 2024-01-11 13:04:59
LOG: Conectado ao Banco de Dados 2024-01-11 13:04:59
LOG: Conectado ao Banco de Dados 2024-01-11 13:04:59
LOG: Conectado ao Banco de Dados 2024-01-11 13:05:00
LOG: Conectado ao Banco de Dados 2024-01-11 13:05:00
LOG: Conectado ao Banco de Dados 2024-01-11 13:05:00
LOG: Conectado ao Banco de Dados 2024-01-11 13:05:00
LOG: Conectado ao Banco de Dados 2024-01-11 13:05:00
LOG: Conectado ao Banco de Dados 2024-01-11 13:05:01
LOG: Conectado ao Banco de Dados 2024-01-11 13:05:09
LOG: Conectado ao Banco de Dados 2024-01-11 13:05:16
LOG: Conectado ao Banco de Dados 2024-01-11 13:07:29
LOG: Conectado ao Banco de Dados 2024-01-11 13:07:38
LOG: Conectado ao Banco de Dados 2024-01-11 13:09:05
LOG: Conectado ao Banco de Dados 2024-01-11 13:10:11
LOG: Data Found {"code":1,"result":[{"id":1,"local":"A","nome":"Sidney de Oliveira Junior","celular":"15998490719","email":"jrsidney@hotmail.com.br"},{"id":2,"local":"A","nome":"Joao Carlos Miranda de Santana","celular":"11973978068","email":"jcmsantana@outlook.com"}]} 2024-01-11 13:10:11
LOG: Conectado ao Banco de Dados 2024-01-11 13:10:42
LOG: Data Found {"code":1,"result":[{"id":1,"local":"A","nome":"Sidney de Oliveira Junior","celular":"15998490719","email":"jrsidney@hotmail.com.br"},{"id":2,"local":"A","nome":"Joao Carlos Miranda de Santana","celular":"11973978068","email":"jcmsantana@outlook.com"}]} 2024-01-11 13:10:42
LOG: Conectado ao Banco de Dados 2024-01-11 13:11:30
LOG: Data Found {"code":1,"result":[{"id":1,"local":"A","nome":"Sidney de Oliveira Junior","celular":"15998490719","email":"jrsidney@hotmail.com.br"},{"id":2,"local":"A","nome":"Joao Carlos Miranda de Santana","celular":"11973978068","email":"jcmsantana@outlook.com"}]} 2024-01-11 13:11:30
LOG: Conectado ao Banco de Dados 2024-01-11 13:12:44
LOG: Conectado ao Banco de Dados 2024-01-11 13:13:21
